<?xml version="1.0" encoding="UTF-8"?>
<!-- Generated by org.testng.reporters.JUnitXMLReporter -->
<testsuite ignored="1" hostname="DESKTOP-NFFT81D" failures="1" tests="1" name="Default test(failed)" time="0.113" errors="0" timestamp="2024-01-04T18:52:16 IST">
  <testcase classname="testngDemo.AssertionInTestNG" name="hardAssertionTest" time="0.028">
    <failure type="java.lang.AssertionError" message="Fail:Strings are not equal expected [Selenium WebDriver is WebUI Automation Library] but found [Selenium WebDriver is WebUI Automation library]">
      <![CDATA[java.lang.AssertionError: Fail:Strings are not equal expected [Selenium WebDriver is WebUI Automation Library] but found [Selenium WebDriver is WebUI Automation library]
at testngDemo.AssertionInTestNG.hardAssertionTest(AssertionInTestNG.java:16)
at java.base/java.util.ArrayList.forEach(ArrayList.java:1511)
... Removed 32 stack frames]]>
    </failure>
  </testcase> <!-- hardAssertionTest -->
  <testcase classname="testngDemo.AssertionInTestNG" name="softAssertionTest" time="0.0">
    <ignored/>
  </testcase> <!-- softAssertionTest -->
</testsuite> <!-- Default test(failed) -->
