<?xml version="1.0" encoding="UTF-8"?>
<testng-results ignored="0" total="1" passed="1" failed="0" skipped="0">
  <reporter-output>
  </reporter-output>
  <suite started-at="2024-01-13T13:35:24 IST" name="Default suite" finished-at="2024-01-13T13:35:26 IST" duration-ms="1262">
    <groups>
    </groups>
    <test started-at="2024-01-13T13:35:24 IST" name="Default test" finished-at="2024-01-13T13:35:26 IST" duration-ms="1262">
      <class name="datadrivenTest.ExtendReportDemo">
        <test-method signature="reportTest()[pri:0, instance:datadrivenTest.ExtendReportDemo@399f45b1]" started-at="2024-01-13T13:35:24 IST" name="reportTest" finished-at="2024-01-13T13:35:26 IST" duration-ms="1169" status="PASS">
          <reporter-output>
          </reporter-output>
        </test-method> <!-- reportTest -->
      </class> <!-- datadrivenTest.ExtendReportDemo -->
    </test> <!-- Default test -->
  </suite> <!-- Default suite -->
</testng-results>
